<?xml version="1.0" encoding="UTF-8"?>
<!-- Generated by org.testng.reporters.JUnitReportReporter -->
<testsuite hostname="DESKTOP-D58P1C5" failures="0" tests="1" name="MyRunner.TestRunner" time="15.427" errors="0" timestamp="08 Apr. 2021 02:27:14 GMT" skipped="0">
  <testcase classname="MyRunner.TestRunner" name="feature" time="15.427"/>
</testsuite> <!-- MyRunner.TestRunner -->
